  main.cpp
c:\program files (x86)\microsoft visual studio\2017\community\vc\tools\msvc\14.12.25827\include\xutility(1017): error C2672: 'operator __surrogate_func': no matching overloaded function found
  c:\program files (x86)\microsoft visual studio\2017\community\vc\tools\msvc\14.12.25827\include\xutility(1014): note: see reference to function template instantiation 'bool std::_Debug_lt_pred<_Pr&,std::reference_wrapper<const GPS::Location>&,std::reference_wrapper<const GPS::Location>&>(std::less<void>&,_Ty1,_Ty2,std::_Dbfile_t,std::_Dbline_t) noexcept(<expr>)' being compiled
          with
          [
              _Pr=std::less<void>,
              _Ty1=std::reference_wrapper<const GPS::Location> &,
              _Ty2=std::reference_wrapper<const GPS::Location> &
          ]
  c:\program files (x86)\microsoft visual studio\2017\community\vc\tools\msvc\14.12.25827\include\algorithm(3178): note: see reference to function template instantiation 'std::pair<_RanIt,_RanIt> std::_Partition_by_median_guess_unchecked<_RanIt,_Pr>(_RanIt,_RanIt,_Pr)' being compiled
          with
          [
              _RanIt=std::reference_wrapper<const GPS::Location> *,
              _Pr=std::less<void>
          ]
  c:\program files (x86)\microsoft visual studio\2017\community\vc\tools\msvc\14.12.25827\include\algorithm(3212): note: see reference to function template instantiation 'void std::_Sort_unchecked<std::reference_wrapper<const GPS::Location>*,int,_Fn>(_RanIt,_RanIt,_Diff,_Pr)' being compiled
          with
          [
              _Fn=std::less<void>,
              _RanIt=std::reference_wrapper<const GPS::Location> *,
              _Diff=int,
              _Pr=std::less<void>
          ]
  c:\program files (x86)\microsoft visual studio\2017\community\vc\tools\msvc\14.12.25827\include\algorithm(3218): note: see reference to function template instantiation 'void std::sort<_RanIt,std::less<void>>(_RanIt,_RanIt,_Pr)' being compiled
          with
          [
              _RanIt=std::_Vector_iterator<std::_Vector_val<std::_Simple_types<std::reference_wrapper<const GPS::Location>>>>,
              _Pr=std::less<void>
          ]
  c:\cst136\cst136srs04\cst136srs04\main.cpp(132): note: see reference to function template instantiation 'void std::sort<std::_Vector_iterator<std::_Vector_val<std::_Simple_types<_Ty>>>>(_RanIt,_RanIt)' being compiled
          with
          [
              _Ty=std::reference_wrapper<const GPS::Location>,
              _RanIt=std::_Vector_iterator<std::_Vector_val<std::_Simple_types<std::reference_wrapper<const GPS::Location>>>>
          ]
c:\program files (x86)\microsoft visual studio\2017\community\vc\tools\msvc\14.12.25827\include\xutility(1017): error C2893: Failed to specialize function template 'unknown-type std::less<void>::operator ()(_Ty1 &&,_Ty2 &&) const'
  c:\program files (x86)\microsoft visual studio\2017\community\vc\tools\msvc\14.12.25827\include\xutility(1017): note: With the following template arguments:
  c:\program files (x86)\microsoft visual studio\2017\community\vc\tools\msvc\14.12.25827\include\xutility(1017): note: '_Ty1=std::reference_wrapper<const GPS::Location> &'
  c:\program files (x86)\microsoft visual studio\2017\community\vc\tools\msvc\14.12.25827\include\xutility(1017): note: '_Ty2=std::reference_wrapper<const GPS::Location> &'
c:\program files (x86)\microsoft visual studio\2017\community\vc\tools\msvc\14.12.25827\include\xutility(1017): error C2056: illegal expression
c:\program files (x86)\microsoft visual studio\2017\community\vc\tools\msvc\14.12.25827\include\algorithm(3084): error C2672: 'operator __surrogate_func': no matching overloaded function found
c:\program files (x86)\microsoft visual studio\2017\community\vc\tools\msvc\14.12.25827\include\algorithm(3084): error C2893: Failed to specialize function template 'unknown-type std::less<void>::operator ()(_Ty1 &&,_Ty2 &&) const'
  c:\program files (x86)\microsoft visual studio\2017\community\vc\tools\msvc\14.12.25827\include\algorithm(3084): note: With the following template arguments:
  c:\program files (x86)\microsoft visual studio\2017\community\vc\tools\msvc\14.12.25827\include\algorithm(3084): note: '_Ty1=std::reference_wrapper<const GPS::Location> &'
  c:\program files (x86)\microsoft visual studio\2017\community\vc\tools\msvc\14.12.25827\include\algorithm(3084): note: '_Ty2=std::reference_wrapper<const GPS::Location> &'
c:\program files (x86)\microsoft visual studio\2017\community\vc\tools\msvc\14.12.25827\include\algorithm(3091): error C2672: 'operator __surrogate_func': no matching overloaded function found
c:\program files (x86)\microsoft visual studio\2017\community\vc\tools\msvc\14.12.25827\include\algorithm(3091): error C2893: Failed to specialize function template 'unknown-type std::less<void>::operator ()(_Ty1 &&,_Ty2 &&) const'
  c:\program files (x86)\microsoft visual studio\2017\community\vc\tools\msvc\14.12.25827\include\algorithm(3091): note: With the following template arguments:
  c:\program files (x86)\microsoft visual studio\2017\community\vc\tools\msvc\14.12.25827\include\algorithm(3091): note: '_Ty1=std::reference_wrapper<const GPS::Location> &'
  c:\program files (x86)\microsoft visual studio\2017\community\vc\tools\msvc\14.12.25827\include\algorithm(3091): note: '_Ty2=std::reference_wrapper<const GPS::Location> &'
c:\program files (x86)\microsoft visual studio\2017\community\vc\tools\msvc\14.12.25827\include\algorithm(3106): error C2672: 'operator __surrogate_func': no matching overloaded function found
c:\program files (x86)\microsoft visual studio\2017\community\vc\tools\msvc\14.12.25827\include\algorithm(3106): error C2893: Failed to specialize function template 'unknown-type std::less<void>::operator ()(_Ty1 &&,_Ty2 &&) const'
  c:\program files (x86)\microsoft visual studio\2017\community\vc\tools\msvc\14.12.25827\include\algorithm(3106): note: With the following template arguments:
  c:\program files (x86)\microsoft visual studio\2017\community\vc\tools\msvc\14.12.25827\include\algorithm(3106): note: '_Ty1=std::reference_wrapper<const GPS::Location> &'
  c:\program files (x86)\microsoft visual studio\2017\community\vc\tools\msvc\14.12.25827\include\algorithm(3106): note: '_Ty2=std::reference_wrapper<const GPS::Location> &'
c:\program files (x86)\microsoft visual studio\2017\community\vc\tools\msvc\14.12.25827\include\algorithm(3126): error C2672: 'operator __surrogate_func': no matching overloaded function found
c:\program files (x86)\microsoft visual studio\2017\community\vc\tools\msvc\14.12.25827\include\algorithm(3126): error C2893: Failed to specialize function template 'unknown-type std::less<void>::operator ()(_Ty1 &&,_Ty2 &&) const'
  c:\program files (x86)\microsoft visual studio\2017\community\vc\tools\msvc\14.12.25827\include\algorithm(3126): note: With the following template arguments:
  c:\program files (x86)\microsoft visual studio\2017\community\vc\tools\msvc\14.12.25827\include\algorithm(3126): note: '_Ty1=std::reference_wrapper<const GPS::Location> &'
  c:\program files (x86)\microsoft visual studio\2017\community\vc\tools\msvc\14.12.25827\include\algorithm(3126): note: '_Ty2=std::reference_wrapper<const GPS::Location> &'
  location.cpp
  angle.cpp
  Generating Code...
  Compiling...
  longitude.cpp
  latitude.cpp
  Generating Code...
